<?xml version="1.0" encoding="UTF-8"?>
<testng-results ignored="0" total="1" passed="1" failed="0" skipped="0">
  <reporter-output>
  </reporter-output>
  <suite started-at="2025-11-15T12:04:59 IST" name="Suite" finished-at="2025-11-15T12:05:07 IST" duration-ms="7845">
    <groups>
      <group name="Master">
        <method signature="TC002_loginTest.verify_login()[pri:0, instance:testCases.TC002_loginTest@72057ecf]" name="verify_login" class="testCases.TC002_loginTest"/>
      </group> <!-- Master -->
      <group name="Sanity">
        <method signature="TC002_loginTest.verify_login()[pri:0, instance:testCases.TC002_loginTest@72057ecf]" name="verify_login" class="testCases.TC002_loginTest"/>
      </group> <!-- Sanity -->
    </groups>
    <test started-at="2025-11-15T12:04:59 IST" name="Test" finished-at="2025-11-15T12:05:07 IST" duration-ms="7845">
      <class name="testCases.TC002_loginTest">
        <test-method is-config="true" signature="setup(java.lang.String,java.lang.String)[pri:0, instance:testCases.TC002_loginTest@72057ecf]" started-at="2025-11-15T12:04:59 IST" name="setup" finished-at="2025-11-15T12:05:04 IST" duration-ms="5253" status="PASS">
          <params>
            <param index="0">
              <value>
                <![CDATA[Windows]]>
              </value>
            </param>
            <param index="1">
              <value>
                <![CDATA[Chrome]]>
              </value>
            </param>
          </params>
          <reporter-output>
          </reporter-output>
        </test-method> <!-- setup -->
        <test-method signature="verify_login()[pri:0, instance:testCases.TC002_loginTest@72057ecf]" started-at="2025-11-15T12:05:04 IST" name="verify_login" finished-at="2025-11-15T12:05:06 IST" duration-ms="1890" status="PASS">
          <reporter-output>
          </reporter-output>
        </test-method> <!-- verify_login -->
        <test-method is-config="true" signature="teardown()[pri:0, instance:testCases.TC002_loginTest@72057ecf]" started-at="2025-11-15T12:05:06 IST" name="teardown" finished-at="2025-11-15T12:05:07 IST" duration-ms="347" status="PASS">
          <reporter-output>
          </reporter-output>
        </test-method> <!-- teardown -->
      </class> <!-- testCases.TC002_loginTest -->
    </test> <!-- Test -->
  </suite> <!-- Suite -->
</testng-results>
