<?xml version="1.0" encoding="UTF-8"?>
<testng-results ignored="0" total="2" passed="2" failed="0" skipped="0">
  <reporter-output>
  </reporter-output>
  <suite started-at="2025-11-16T12:29:49 IST" name="Suite" finished-at="2025-11-16T12:30:04 IST" duration-ms="14841">
    <groups>
      <group name="Master">
        <method signature="TC001_AccountRegistrationTest.verify_account_registration()[pri:0, instance:testCases.TC001_AccountRegistrationTest@20deea7f]" name="verify_account_registration" class="testCases.TC001_AccountRegistrationTest"/>
        <method signature="TC002_loginTest.verify_login()[pri:0, instance:testCases.TC002_loginTest@5f058f00]" name="verify_login" class="testCases.TC002_loginTest"/>
      </group> <!-- Master -->
      <group name="Sanity">
        <method signature="TC002_loginTest.verify_login()[pri:0, instance:testCases.TC002_loginTest@5f058f00]" name="verify_login" class="testCases.TC002_loginTest"/>
      </group> <!-- Sanity -->
      <group name="Regression">
        <method signature="TC001_AccountRegistrationTest.verify_account_registration()[pri:0, instance:testCases.TC001_AccountRegistrationTest@20deea7f]" name="verify_account_registration" class="testCases.TC001_AccountRegistrationTest"/>
      </group> <!-- Regression -->
    </groups>
    <test started-at="2025-11-16T12:29:49 IST" name="Test" finished-at="2025-11-16T12:30:04 IST" duration-ms="14841">
      <class name="testCases.TC002_loginTest">
        <test-method is-config="true" signature="setup(java.lang.String,java.lang.String)[pri:0, instance:testCases.TC002_loginTest@5f058f00]" started-at="2025-11-16T12:29:58 IST" name="setup" finished-at="2025-11-16T12:30:01 IST" duration-ms="3478" status="PASS">
          <params>
            <param index="0">
              <value>
                <![CDATA[windows]]>
              </value>
            </param>
            <param index="1">
              <value>
                <![CDATA[Chrome]]>
              </value>
            </param>
          </params>
          <reporter-output>
          </reporter-output>
        </test-method> <!-- setup -->
        <test-method signature="verify_login()[pri:0, instance:testCases.TC002_loginTest@5f058f00]" started-at="2025-11-16T12:30:01 IST" name="verify_login" finished-at="2025-11-16T12:30:04 IST" duration-ms="2176" status="PASS">
          <reporter-output>
          </reporter-output>
        </test-method> <!-- verify_login -->
        <test-method is-config="true" signature="teardown()[pri:0, instance:testCases.TC002_loginTest@5f058f00]" started-at="2025-11-16T12:30:04 IST" name="teardown" finished-at="2025-11-16T12:30:04 IST" duration-ms="596" status="PASS">
          <reporter-output>
          </reporter-output>
        </test-method> <!-- teardown -->
      </class> <!-- testCases.TC002_loginTest -->
      <class name="testCases.TC001_AccountRegistrationTest">
        <test-method is-config="true" signature="setup(java.lang.String,java.lang.String)[pri:0, instance:testCases.TC001_AccountRegistrationTest@20deea7f]" started-at="2025-11-16T12:29:50 IST" name="setup" finished-at="2025-11-16T12:29:54 IST" duration-ms="4566" status="PASS">
          <params>
            <param index="0">
              <value>
                <![CDATA[windows]]>
              </value>
            </param>
            <param index="1">
              <value>
                <![CDATA[Chrome]]>
              </value>
            </param>
          </params>
          <reporter-output>
          </reporter-output>
        </test-method> <!-- setup -->
        <test-method signature="verify_account_registration()[pri:0, instance:testCases.TC001_AccountRegistrationTest@20deea7f]" started-at="2025-11-16T12:29:54 IST" name="verify_account_registration" finished-at="2025-11-16T12:29:57 IST" duration-ms="3088" status="PASS">
          <reporter-output>
          </reporter-output>
        </test-method> <!-- verify_account_registration -->
        <test-method is-config="true" signature="teardown()[pri:0, instance:testCases.TC001_AccountRegistrationTest@20deea7f]" started-at="2025-11-16T12:29:57 IST" name="teardown" finished-at="2025-11-16T12:29:58 IST" duration-ms="495" status="PASS">
          <reporter-output>
          </reporter-output>
        </test-method> <!-- teardown -->
      </class> <!-- testCases.TC001_AccountRegistrationTest -->
    </test> <!-- Test -->
  </suite> <!-- Suite -->
</testng-results>
